C51 COMPILER V9.60.0.0   Q10                                                               12/11/2021 22:04:02 PAGE 1   


C51 COMPILER V9.60.0.0, COMPILATION OF MODULE Q10
OBJECT MODULE PLACED IN .\Objects\Q10.obj
COMPILER INVOKED BY: C:\Keil_v5\C51\BIN\C51.EXE Q10.c OPTIMIZE(8,SPEED) BROWSE DEBUG OBJECTEXTEND PRINT(.\Listings\Q10.l
                    -st) TABS(2) OBJECT(.\Objects\Q10.obj)

line level    source

   1          #include <regx51.h>
   2          
   3          void print_msg(char *);
   4          void write(char, int);
   5          void delay(unsigned int);
   6          void main() 
   7          {
   8   1        write(0x38, 0);
   9   1        write(0x0F, 0);
  10   1        write(0x06, 0);
  11   1        write(0x01, 0);
  12   1        write(0x80, 0);
  13   1        print_msg("Hello, world!");
  14   1        while (1);
  15   1      }
  16          void print_msg(char *msg)
  17          {
  18   1        for (;*msg != '\0'; msg++)
  19   1          write(*msg, 1);
  20   1      }
  21          void write(char cmd, int rs_value)
  22          {
  23   1        P1 = cmd;
  24   1        P3_0 = rs_value;
  25   1        P3_1 = 1;
  26   1        delay(100);
  27   1        P3_1 = 0;
  28   1      }
  29          void delay(unsigned int i)
  30          {
  31   1        while (i--);
  32   1      }


MODULE INFORMATION:   STATIC OVERLAYABLE
   CODE SIZE        =    118    ----
   CONSTANT SIZE    =     14    ----
   XDATA SIZE       =   ----    ----
   PDATA SIZE       =   ----    ----
   DATA SIZE        =   ----       3
   IDATA SIZE       =   ----    ----
   BIT SIZE         =   ----    ----
END OF MODULE INFORMATION.


C51 COMPILATION COMPLETE.  0 WARNING(S),  0 ERROR(S)
