C51 COMPILER V9.60.0.0   Q11_ADVANCE                                                       12/21/2021 17:43:58 PAGE 1   


C51 COMPILER V9.60.0.0, COMPILATION OF MODULE Q11_ADVANCE
OBJECT MODULE PLACED IN .\Objects\Q11_advance.obj
COMPILER INVOKED BY: C:\Keil_v5\C51\BIN\C51.EXE Q11_advance.c OPTIMIZE(8,SPEED) BROWSE DEBUG OBJECTEXTEND PRINT(.\Listin
                    -gs\Q11_advance.lst) TABS(2) OBJECT(.\Objects\Q11_advance.obj)

line level    source

   1          #include<regx51.h>
   2          void delay (int);
   3          void turn ();
   4          void reverse_interrupt();
   5          void half_interrupt();
   6          
   7          code char half_phase[2][8] = {{0x01,0x0c,0x02,0x06,0x04,0x03,0x08,0x09},
   8                                        {0x09,0x08,0x03,0x04,0x06,0x02,0x0c,0x01}};
   9          code int d_time[2] = {1000, 500};
  10          int dir , delay_time;
  11          
  12          void main () {
  13   1        IE = 0x85;
  14   1        TCON = 0x05;
  15   1        delay_time = 1;
  16   1        dir = 1; 
  17   1        while(1) {
  18   2          turn();
  19   2        }
  20   1      }
  21          
  22          void reverse_interrupt(void) interrupt 0 {
  23   1        delay(100);
  24   1        dir ^= 1;
  25   1      }
  26          
  27          void half_interrupt(void) interrupt 2 {
  28   1        delay(100);
  29   1        delay_time ^= 1;
  30   1      }
  31          
  32          void turn() {
  33   1        int x;
  34   1        for(x = 0; x < 8; x++) {
  35   2          P1 = half_phase[dir][x];
  36   2          delay(d_time[delay_time]);
  37   2        }
  38   1      }
  39          
  40          void delay(int t) {
  41   1        while(t--);
  42   1      }


MODULE INFORMATION:   STATIC OVERLAYABLE
   CODE SIZE        =    258    ----
   CONSTANT SIZE    =     20    ----
   XDATA SIZE       =   ----    ----
   PDATA SIZE       =   ----    ----
   DATA SIZE        =      4       2
   IDATA SIZE       =   ----    ----
   BIT SIZE         =   ----    ----
END OF MODULE INFORMATION.


C51 COMPILATION COMPLETE.  0 WARNING(S),  0 ERROR(S)
