C51 COMPILER V9.60.0.0   Q9_ADVANCE                                                        12/07/2021 17:53:01 PAGE 1   


C51 COMPILER V9.60.0.0, COMPILATION OF MODULE Q9_ADVANCE
OBJECT MODULE PLACED IN .\Objects\Q9_advance.obj
COMPILER INVOKED BY: C:\Keil_v5\C51\BIN\C51.EXE Q9_advance.c OPTIMIZE(8,SPEED) BROWSE DEBUG OBJECTEXTEND PRINT(.\Listing
                    -s\Q9_advance.lst) TABS(2) OBJECT(.\Objects\Q9_advance.obj)

line level    source

   1          #include <regx51.h>
   2          
   3          /*
   4          principle:
   5          ex: 10000 - 1   = 1111
   6              10000 - 10  = 1110
   7              10000 - 100 = 1100
   8          Therefore, if we want get N LED light, we should use 2^8 - 2^N to get the result.
   9          */
  10          
  11          void main( ) {
  12   1        while(1) {
  13   2          int N = 0; // N is the numbers of LED should light.
  14   2          int n = 1; // n = 2^N
  15   2          N = P1 / 28;
  16   2            for(; N > 0; N--)
  17   2              n *= 2;
  18   2            P2 = 256 - n;
  19   2        }
  20   1      }


MODULE INFORMATION:   STATIC OVERLAYABLE
   CODE SIZE        =     63    ----
   CONSTANT SIZE    =   ----    ----
   XDATA SIZE       =   ----    ----
   PDATA SIZE       =   ----    ----
   DATA SIZE        =   ----       4
   IDATA SIZE       =   ----    ----
   BIT SIZE         =   ----    ----
END OF MODULE INFORMATION.


C51 COMPILATION COMPLETE.  0 WARNING(S),  0 ERROR(S)
