C51 COMPILER V9.60.0.0   Q7                                                                11/23/2021 15:07:46 PAGE 1   


C51 COMPILER V9.60.0.0, COMPILATION OF MODULE Q7
OBJECT MODULE PLACED IN .\Objects\Q7.obj
COMPILER INVOKED BY: C:\Keil_v5\C51\BIN\C51.EXE Q7.c OPTIMIZE(8,SPEED) BROWSE DEBUG OBJECTEXTEND PRINT(.\Listings\Q7.lst
                    -) TABS(2) OBJECT(.\Objects\Q7.obj)

line level    source

   1          #include <regx51.h> // include header file for 8051
   2          #define TH0_init 0x06 //TH0_init= 256 - 250
   3          #define TL0_init 0x06 //TL0_init = 256 - 250
   4          #define Timer0_int_exe_time 2000 //the parameter can be changed
   5          
   6          void delay(unsigned int t);
   7          int counter;
   8          
   9          void main( )
  10          {
  11   1        TMOD = 0x02; //set timer0 to mode 2(8-bits and auto-reload)
  12   1        IP = 0x02; //timer0 interrupt has high priority
  13   1        IE = 0x82; //enable timer0 interrupt
  14   1        P2 = 0xff;
  15   1        TL0 = TL0_init; TH0 = TH0_init; //set TH0 & TL0
  16   1        TCON = 0x10; //enable timer0
  17   1        
  18   1        while (1)
  19   1        {
  20   2          delay(41679); // adjust this parameter to match timer
  21   2          P2_0 = ~P2_0; //inverse P2.0
  22   2        }
  23   1      }
  24          
  25          void timer0_interrupt(void) interrupt 1 // ‘interrupt 1’ is int vector of INT0
  26          {
  27   1        counter++;
  28   1        if (counter == Timer0_int_exe_time) //250clock cycle * 2000 = 0.5 second
  29   1        {
  30   2          P2_1 = ~P2_1; //inverse P2.1
  31   2          counter = 0;
  32   2        }
  33   1      }
  34          
  35          //delay function
  36          void delay(unsigned int t)
  37          {
  38   1        for (; t>0; t--);
  39   1      }


MODULE INFORMATION:   STATIC OVERLAYABLE
   CODE SIZE        =     82    ----
   CONSTANT SIZE    =   ----    ----
   XDATA SIZE       =   ----    ----
   PDATA SIZE       =   ----    ----
   DATA SIZE        =      2    ----
   IDATA SIZE       =   ----    ----
   BIT SIZE         =   ----    ----
END OF MODULE INFORMATION.


C51 COMPILATION COMPLETE.  0 WARNING(S),  0 ERROR(S)
